{"error":{"clientVersion":"5.22.0","name":"PrismaClientInitializationError"},"level":"error","message":"Database connection failed","timestamp":"2025-10-18 18:19:00:190"}
{"error":{"clientVersion":"5.22.0","name":"PrismaClientInitializationError"},"level":"error","message":"Database connection failed","timestamp":"2025-10-18 18:20:12:2012"}
{"level":"error","message":"Prisma Error Error in PostgreSQL connection: Error { kind: Db, cause: Some(DbError { severity: \"FATAL\", parsed_severity: Some(Fatal), code: SqlState(E57P01), message: \"terminating connection due to administrator command\", detail: None, hint: None, position: None, where_: None, schema: None, table: None, column: None, datatype: None, constraint: None, file: Some(\"postgres.c\"), line: Some(3211), routine: Some(\"ProcessInterrupts\") }) }","target":"quaint::connector::postgres::native","timestamp":"2025-10-21 06:53:27:5327"}
{"error":"Socket closed unexpectedly","level":"error","message":"Redis client error","timestamp":"2025-10-21 06:53:27:5327"}
{"error":"connect ECONNREFUSED 172.20.0.5:6379","level":"error","message":"Redis client error","timestamp":"2025-10-21 06:53:27:5327"}
{"error":"Socket closed unexpectedly","level":"error","message":"Redis client error","timestamp":"2025-10-22 12:50:14:5014"}
{"error":"connect ECONNREFUSED 172.20.0.2:6379","level":"error","message":"Redis client error","timestamp":"2025-10-22 12:50:15:5015"}
{"error":"connect ECONNREFUSED 172.20.0.2:6379","level":"error","message":"Redis client error","timestamp":"2025-10-22 12:50:15:5015"}
{"error":"connect ECONNREFUSED 172.20.0.2:6379","level":"error","message":"Redis client error","timestamp":"2025-10-22 12:50:15:5015"}
{"error":"connect ECONNREFUSED 172.20.0.2:6379","level":"error","message":"Redis client error","timestamp":"2025-10-22 12:50:15:5015"}
{"level":"error","message":"Prisma Error Error in PostgreSQL connection: Error { kind: Db, cause: Some(DbError { severity: \"FATAL\", parsed_severity: Some(Fatal), code: SqlState(E57P01), message: \"terminating connection due to administrator command\", detail: None, hint: None, position: None, where_: None, schema: None, table: None, column: None, datatype: None, constraint: None, file: Some(\"postgres.c\"), line: Some(3211), routine: Some(\"ProcessInterrupts\") }) }","target":"quaint::connector::postgres::native","timestamp":"2025-10-22 12:50:15:5015"}
{"error":"connect ECONNREFUSED 172.20.0.2:6379","level":"error","message":"Redis client error","timestamp":"2025-10-22 12:50:15:5015"}
{"level":"error","message":"Prisma Error Error in PostgreSQL connection: Error { kind: Db, cause: Some(DbError { severity: \"FATAL\", parsed_severity: Some(Fatal), code: SqlState(E57P01), message: \"terminating connection due to administrator command\", detail: None, hint: None, position: None, where_: None, schema: None, table: None, column: None, datatype: None, constraint: None, file: Some(\"postgres.c\"), line: Some(3211), routine: Some(\"ProcessInterrupts\") }) }","target":"quaint::connector::postgres::native","timestamp":"2025-10-22 14:23:57:2357"}
{"level":"error","message":"Prisma Error Error in PostgreSQL connection: Error { kind: Db, cause: Some(DbError { severity: \"FATAL\", parsed_severity: Some(Fatal), code: SqlState(E57P01), message: \"terminating connection due to administrator command\", detail: None, hint: None, position: None, where_: None, schema: None, table: None, column: None, datatype: None, constraint: None, file: Some(\"postgres.c\"), line: Some(3211), routine: Some(\"ProcessInterrupts\") }) }","target":"quaint::connector::postgres::native","timestamp":"2025-10-23 06:56:17:5617"}
{"error":"Socket closed unexpectedly","level":"error","message":"Redis client error","timestamp":"2025-10-23 06:56:17:5617"}
{"error":"connect ECONNREFUSED 172.20.0.6:6379","level":"error","message":"Redis client error","timestamp":"2025-10-23 06:56:17:5617"}
{"error":"connect ECONNREFUSED 172.20.0.6:6379","level":"error","message":"Redis client error","timestamp":"2025-10-23 06:56:17:5617"}
{"level":"error","message":"Prisma Error Error in PostgreSQL connection: Error { kind: Db, cause: Some(DbError { severity: \"FATAL\", parsed_severity: Some(Fatal), code: SqlState(E57P01), message: \"terminating connection due to administrator command\", detail: None, hint: None, position: None, where_: None, schema: None, table: None, column: None, datatype: None, constraint: None, file: Some(\"postgres.c\"), line: Some(3211), routine: Some(\"ProcessInterrupts\") }) }","target":"quaint::connector::postgres::native","timestamp":"2025-10-23 06:57:56:5756"}
{"level":"error","message":"Prisma Error Error in PostgreSQL connection: Error { kind: Db, cause: Some(DbError { severity: \"FATAL\", parsed_severity: Some(Fatal), code: SqlState(E57P01), message: \"terminating connection due to administrator command\", detail: None, hint: None, position: None, where_: None, schema: None, table: None, column: None, datatype: None, constraint: None, file: Some(\"postgres.c\"), line: Some(3211), routine: Some(\"ProcessInterrupts\") }) }","target":"quaint::connector::postgres::native","timestamp":"2025-10-23 07:35:06:356"}
{"error":"Socket closed unexpectedly","level":"error","message":"Redis client error","timestamp":"2025-10-23 20:03:48:348"}
{"level":"error","message":"Prisma Error Error in PostgreSQL connection: Error { kind: Db, cause: Some(DbError { severity: \"FATAL\", parsed_severity: Some(Fatal), code: SqlState(E57P01), message: \"terminating connection due to administrator command\", detail: None, hint: None, position: None, where_: None, schema: None, table: None, column: None, datatype: None, constraint: None, file: Some(\"postgres.c\"), line: Some(3211), routine: Some(\"ProcessInterrupts\") }) }","target":"quaint::connector::postgres::native","timestamp":"2025-10-23 20:03:48:348"}
{"level":"error","message":"Prisma Error Error in PostgreSQL connection: Error { kind: Db, cause: Some(DbError { severity: \"FATAL\", parsed_severity: Some(Fatal), code: SqlState(E57P01), message: \"terminating connection due to administrator command\", detail: None, hint: None, position: None, where_: None, schema: None, table: None, column: None, datatype: None, constraint: None, file: Some(\"postgres.c\"), line: Some(3211), routine: Some(\"ProcessInterrupts\") }) }","target":"quaint::connector::postgres::native","timestamp":"2025-10-23 18:26:41:2641"}
{"level":"error","message":"Prisma Error Error in PostgreSQL connection: Error { kind: Db, cause: Some(DbError { severity: \"FATAL\", parsed_severity: Some(Fatal), code: SqlState(E57P01), message: \"terminating connection due to administrator command\", detail: None, hint: None, position: None, where_: None, schema: None, table: None, column: None, datatype: None, constraint: None, file: Some(\"postgres.c\"), line: Some(3211), routine: Some(\"ProcessInterrupts\") }) }","target":"quaint::connector::postgres::native","timestamp":"2025-10-25 13:43:49:4349"}
{"level":"error","message":"Prisma Error Error in PostgreSQL connection: Error { kind: Db, cause: Some(DbError { severity: \"FATAL\", parsed_severity: Some(Fatal), code: SqlState(E57P01), message: \"terminating connection due to administrator command\", detail: None, hint: None, position: None, where_: None, schema: None, table: None, column: None, datatype: None, constraint: None, file: Some(\"postgres.c\"), line: Some(3211), routine: Some(\"ProcessInterrupts\") }) }","target":"quaint::connector::postgres::native","timestamp":"2025-10-25 17:54:42:5442"}
{"error":{"clientVersion":"5.22.0","name":"PrismaClientInitializationError"},"level":"error","message":"Database connection failed","timestamp":"2025-10-27 15:59:33:5933"}
{"error":{"clientVersion":"5.22.0","name":"PrismaClientInitializationError"},"level":"error","message":"Database connection failed","timestamp":"2025-10-27 16:00:12:012"}
{"error":"","level":"error","message":"Redis client error","timestamp":"2025-10-28 17:16:00:160"}
{"error":"","level":"error","message":"Redis client error","timestamp":"2025-10-28 17:16:00:160"}
{"error":"","level":"error","message":"Redis client error","timestamp":"2025-10-28 17:16:00:160"}
{"error":"","level":"error","message":"Redis client error","timestamp":"2025-10-28 17:16:00:160"}
{"error":"","level":"error","message":"Redis client error","timestamp":"2025-10-28 17:16:01:161"}
{"error":"","level":"error","message":"Redis client error","timestamp":"2025-10-28 17:16:01:161"}
{"error":"","level":"error","message":"Redis client error","timestamp":"2025-10-28 17:16:02:162"}
{"error":"","level":"error","message":"Redis client error","timestamp":"2025-10-28 17:16:02:162"}
{"error":"","level":"error","message":"Redis client error","timestamp":"2025-10-28 17:16:03:163"}
{"error":"","level":"error","message":"Redis client error","timestamp":"2025-10-28 17:16:04:164"}
{"error":"","level":"error","message":"Redis client error","timestamp":"2025-10-28 17:16:05:165"}
{"level":"error","message":"Redis connection failed after 10 retries","timestamp":"2025-10-28 17:16:06:166"}
{"level":"error","message":"Prisma Error \nInvalid `prisma.user.findFirst()` invocation in\n/home/the_hero_of_ages/Desktop/IndividualProjects/writewave/backend/user-service/src/services/auth.service.ts:29:46\n\n  26 }>> {\n  27   try {\n  28     // Check if user already exists\n→ 29     const existingUser = await prisma.user.findFirst(\nThe table `public.users` does not exist in the current database.","target":"user.findFirst","timestamp":"2025-10-28 17:26:52:2652"}
{"data":{"email":"test@example.com","firstName":"Test","lastName":"User","password":"TestPassword123!","username":"testuser"},"error":"\nInvalid `prisma.user.findFirst()` invocation in\n/home/the_hero_of_ages/Desktop/IndividualProjects/writewave/backend/user-service/src/services/auth.service.ts:29:46\n\n  26 }>> {\n  27   try {\n  28     // Check if user already exists\n→ 29     const existingUser = await prisma.user.findFirst(\nThe table `public.users` does not exist in the current database.","level":"error","message":"User registration failed","timestamp":"2025-10-28 17:26:52:2652"}
{"error":"Invalid login: 535-5.7.8 Username and Password not accepted. For more information, go to\n535 5.7.8  https://support.google.com/mail/?p=BadCredentials d9443c01a7336-29498cf358fsm113940555ad.20 - gsmtp","level":"error","message":"Email sending failed","subject":"Welcome to WriteWave!","timestamp":"2025-10-28 17:29:35:2935","to":"test@example.com"}
{"error":"Email sending failed","level":"error","message":"Email template sending failed","subject":"Welcome to WriteWave!","timestamp":"2025-10-28 17:29:35:2935","to":"test@example.com"}
{"error":"Email sending failed","firstName":"Test","level":"error","message":"Welcome email sending failed","timestamp":"2025-10-28 17:29:35:2935","to":"test@example.com"}
{"error":"Invalid login: 535-5.7.8 Username and Password not accepted. For more information, go to\n535 5.7.8  https://support.google.com/mail/?p=BadCredentials 98e67ed59e1d1-33fed70a86fsm11965305a91.1 - gsmtp","level":"error","message":"Email sending failed","subject":"Welcome to WriteWave!","timestamp":"2025-10-28 17:31:18:3118","to":"divyansh@writewave.com"}
{"error":"Email sending failed","level":"error","message":"Email template sending failed","subject":"Welcome to WriteWave!","timestamp":"2025-10-28 17:31:18:3118","to":"divyansh@writewave.com"}
{"error":"Email sending failed","firstName":"Divyansh","level":"error","message":"Welcome email sending failed","timestamp":"2025-10-28 17:31:18:3118","to":"divyansh@writewave.com"}
{"level":"error","message":"Prisma Error Error in PostgreSQL connection: Error { kind: Db, cause: Some(DbError { severity: \"FATAL\", parsed_severity: Some(Fatal), code: SqlState(E57P01), message: \"terminating connection due to administrator command\", detail: None, hint: None, position: None, where_: None, schema: None, table: None, column: None, datatype: None, constraint: None, file: Some(\"postgres.c\"), line: Some(3211), routine: Some(\"ProcessInterrupts\") }) }","target":"quaint::connector::postgres::native","timestamp":"2025-10-29 15:54:20:5420"}
{"error":"Connection timeout","level":"error","message":"Redis client error","timestamp":"2025-10-29 15:56:59:5659"}
{"error":"Connection timeout","level":"error","message":"Redis client error","timestamp":"2025-10-29 15:57:04:574"}
{"error":"Connection timeout","level":"error","message":"Redis client error","timestamp":"2025-10-29 15:57:09:579"}
{"error":"Connection timeout","level":"error","message":"Redis client error","timestamp":"2025-10-29 15:57:14:5714"}
{"error":"Connection timeout","level":"error","message":"Redis client error","timestamp":"2025-10-29 15:57:20:5720"}
{"error":"getaddrinfo EAI_AGAIN redis-cluster-proxy","level":"error","message":"Redis client error","timestamp":"2025-10-29 15:57:25:5725"}
{"error":"Connection timeout","level":"error","message":"Redis client error","timestamp":"2025-10-29 15:57:31:5731"}
{"error":"Connection timeout","level":"error","message":"Redis client error","timestamp":"2025-10-29 15:57:36:5736"}
{"error":"Connection timeout","level":"error","message":"Redis client error","timestamp":"2025-10-29 15:57:42:5742"}
{"error":"getaddrinfo EAI_AGAIN redis-cluster-proxy","level":"error","message":"Redis client error","timestamp":"2025-10-29 15:57:48:5748"}
{"error":"Connection timeout","level":"error","message":"Redis client error","timestamp":"2025-10-29 15:57:54:5754"}
{"level":"error","message":"Redis connection failed after 10 retries","timestamp":"2025-10-29 15:58:00:580"}
